16:31:02,984 (main) INFO  [uniandes.isis2304.bancAndes.interfazApp.InterfazBancAndesApp] - Se encontró un archivo de configuración válido: Interfaz
16:31:02,984 (main) INFO  [uniandes.isis2304.bancAndes.interfazApp.InterfazBancAndesApp] - Se aplica configuración indicada en el archivo de configuración
16:31:03,006 (main) INFO  [uniandes.isis2304.bancAndes.interfazApp.InterfazBancAndesApp] - Se encontró un archivo de configuración válido: Tablas BD
16:31:28,136 (AWT-EventQueue-0) INFO  [uniandes.isis2304.bancAndes.negocio.BancAndes] - Buscando Cajero por login: null
16:31:33,053 (main) INFO  [uniandes.isis2304.bancAndes.interfazApp.InterfazBancAndesApp] - Se encontró un archivo de configuración válido: Interfaz
16:31:33,053 (main) INFO  [uniandes.isis2304.bancAndes.interfazApp.InterfazBancAndesApp] - Se aplica configuración indicada en el archivo de configuración
16:31:33,073 (main) INFO  [uniandes.isis2304.bancAndes.interfazApp.InterfazBancAndesApp] - Se encontró un archivo de configuración válido: Tablas BD
16:31:48,912 (AWT-EventQueue-0) INFO  [uniandes.isis2304.bancAndes.negocio.BancAndes] - Buscando Gerente de Oficina por login: camila3
16:32:00,339 (AWT-EventQueue-0) INFO  [uniandes.isis2304.bancAndes.negocio.BancAndes] - Buscando Prestamo por id: 2
16:32:22,771 (main) INFO  [uniandes.isis2304.bancAndes.interfazApp.InterfazBancAndesApp] - Se encontró un archivo de configuración válido: Interfaz
16:32:22,772 (main) INFO  [uniandes.isis2304.bancAndes.interfazApp.InterfazBancAndesApp] - Se aplica configuración indicada en el archivo de configuración
16:32:22,796 (main) INFO  [uniandes.isis2304.bancAndes.interfazApp.InterfazBancAndesApp] - Se encontró un archivo de configuración válido: Tablas BD
16:32:33,231 (AWT-EventQueue-0) INFO  [uniandes.isis2304.bancAndes.negocio.BancAndes] - Buscando Gerente de Oficina por login: camila3
16:32:40,992 (AWT-EventQueue-0) INFO  [uniandes.isis2304.bancAndes.negocio.BancAndes] - Buscando Prestamo por id: 2
16:33:09,181 (main) INFO  [uniandes.isis2304.bancAndes.interfazApp.InterfazBancAndesApp] - Se encontró un archivo de configuración válido: Interfaz
16:33:09,182 (main) INFO  [uniandes.isis2304.bancAndes.interfazApp.InterfazBancAndesApp] - Se aplica configuración indicada en el archivo de configuración
16:33:09,204 (main) INFO  [uniandes.isis2304.bancAndes.interfazApp.InterfazBancAndesApp] - Se encontró un archivo de configuración válido: Tablas BD
16:33:17,629 (AWT-EventQueue-0) INFO  [uniandes.isis2304.bancAndes.negocio.BancAndes] - Buscando Gerente de Oficina por login: camila3
16:33:22,076 (AWT-EventQueue-0) INFO  [uniandes.isis2304.bancAndes.negocio.BancAndes] - Buscando Prestamo por id: 2
16:37:28,523 (main) INFO  [uniandes.isis2304.bancAndes.interfazApp.InterfazBancAndesApp] - Se encontró un archivo de configuración válido: Interfaz
16:37:28,524 (main) INFO  [uniandes.isis2304.bancAndes.interfazApp.InterfazBancAndesApp] - Se aplica configuración indicada en el archivo de configuración
16:37:28,547 (main) INFO  [uniandes.isis2304.bancAndes.interfazApp.InterfazBancAndesApp] - Se encontró un archivo de configuración válido: Tablas BD
16:37:46,093 (AWT-EventQueue-0) INFO  [uniandes.isis2304.bancAndes.negocio.BancAndes] - Buscando Gerente de Oficina por login: camila3
16:37:53,535 (AWT-EventQueue-0) INFO  [uniandes.isis2304.bancAndes.negocio.BancAndes] - Buscando Oficina por login del gerente de oficina: camila3
16:37:53,750 (AWT-EventQueue-0) INFO  [uniandes.isis2304.bancAndes.negocio.BancAndes] - Consultando todos los prestamos de la oficina: 18
16:37:53,894 (AWT-EventQueue-0) INFO  [uniandes.isis2304.bancAndes.negocio.BancAndes] - Se encontraron todos los prestamos
16:45:10,804 (main) INFO  [uniandes.isis2304.bancAndes.interfazApp.InterfazBancAndesApp] - Se encontró un archivo de configuración válido: Interfaz
16:45:10,805 (main) INFO  [uniandes.isis2304.bancAndes.interfazApp.InterfazBancAndesApp] - Se aplica configuración indicada en el archivo de configuración
16:45:10,833 (main) INFO  [uniandes.isis2304.bancAndes.interfazApp.InterfazBancAndesApp] - Se encontró un archivo de configuración válido: Tablas BD
16:45:15,915 (AWT-EventQueue-0) INFO  [uniandes.isis2304.bancAndes.negocio.BancAndes] - Buscando Gerente de Oficina por login: null
16:45:26,099 (AWT-EventQueue-0) INFO  [uniandes.isis2304.bancAndes.negocio.BancAndes] - Buscando Gerente de Oficina por login: camila3
16:45:31,088 (AWT-EventQueue-0) INFO  [uniandes.isis2304.bancAndes.negocio.BancAndes] - Buscando Prestamo por id: 2
