11:42:05,724 (AWT-EventQueue-0) DEBUG [DataNucleus.Persistence] - ExecutionContext "org.datanucleus.ExecutionContextImpl@4f2e8797" se abrió para la base de datos "org.datanucleus.store.rdbms.RDBMSStoreManager@23f168a1" con transaccion="org.datanucleus.TransactionImpl@1d529d65"
11:42:05,730 (AWT-EventQueue-0) DEBUG [DataNucleus.Transaction] - Transaction created [DataNucleus Transaction, ID=-1148580989-1, enlisted resources=[]]
11:42:05,730 (AWT-EventQueue-0) DEBUG [DataNucleus.Transaction] - Transacción empezada para el ExecutionContext org.datanucleus.ExecutionContextImpl@4f2e8797 (optimistic=false)
11:42:05,734 (AWT-EventQueue-0) DEBUG [DataNucleus.Query] - Query de SQL : "DELETE FROM A_GUSTAN"
11:42:05,769 (AWT-EventQueue-0) DEBUG [DataNucleus.Connection] - ManagedConnection ABIERTO : "org.datanucleus.store.rdbms.ConnectionFactoryImpl$ManagedConnectionImpl@2f4bb059 [conn=org.datanucleus.store.rdbms.datasource.dbcp2.PoolingDataSource$PoolGuardConnectionWrapper@7c8fdc5b, commitOnRelease=false, closeOnRelease=false, closeOnTxnEnd=true]" en resource "tx" con isolación "read-committed" y auto-commit=false
11:42:05,770 (AWT-EventQueue-0) DEBUG [DataNucleus.Transaction] - Running enlist operation on resource: org.datanucleus.store.rdbms.ConnectionFactoryImpl$EmulatedXAResource@1b7c2da1, error code TMNOFLAGS and transaction [DataNucleus Transaction, ID=-1148580989-1, enlisted resources=[]]
11:42:05,794 (AWT-EventQueue-0) DEBUG [DataNucleus.Datastore] - Utilizando PreparedStatement "org.datanucleus.store.rdbms.ParamLoggingPreparedStatement@4633683e" para la conneccion "org.datanucleus.store.rdbms.datasource.dbcp2.PoolingDataSource$PoolGuardConnectionWrapper@7c8fdc5b"
11:42:05,794 (AWT-EventQueue-0) DEBUG [DataNucleus.Datastore.Native] - DELETE FROM A_GUSTAN
11:42:05,796 (AWT-EventQueue-0) DEBUG [DataNucleus.Datastore.Persist] - SQL Tiempo de cumplir = 2 ms (numero de lineas cambiado = 0) con el PreparedStatement "org.datanucleus.store.rdbms.ParamLoggingPreparedStatement@4633683e"
11:42:05,796 (AWT-EventQueue-0) DEBUG [DataNucleus.Datastore] - Cerrando PreparedStatement "org.datanucleus.store.rdbms.ParamLoggingPreparedStatement@4633683e"
11:42:05,796 (AWT-EventQueue-0) DEBUG [DataNucleus.Query] - Query de SQL : "DELETE FROM A_SIRVEN"
11:42:05,796 (AWT-EventQueue-0) DEBUG [DataNucleus.Datastore] - Utilizando PreparedStatement "org.datanucleus.store.rdbms.ParamLoggingPreparedStatement@1ae91dc0" para la conneccion "org.datanucleus.store.rdbms.datasource.dbcp2.PoolingDataSource$PoolGuardConnectionWrapper@7c8fdc5b"
11:42:05,796 (AWT-EventQueue-0) DEBUG [DataNucleus.Datastore.Native] - DELETE FROM A_SIRVEN
11:42:05,797 (AWT-EventQueue-0) DEBUG [DataNucleus.Datastore.Persist] - SQL Tiempo de cumplir = 1 ms (numero de lineas cambiado = 0) con el PreparedStatement "org.datanucleus.store.rdbms.ParamLoggingPreparedStatement@1ae91dc0"
11:42:05,797 (AWT-EventQueue-0) DEBUG [DataNucleus.Datastore] - Cerrando PreparedStatement "org.datanucleus.store.rdbms.ParamLoggingPreparedStatement@1ae91dc0"
11:42:05,797 (AWT-EventQueue-0) DEBUG [DataNucleus.Query] - Query de SQL : "DELETE FROM A_VISITAN"
11:42:05,797 (AWT-EventQueue-0) DEBUG [DataNucleus.Datastore] - Utilizando PreparedStatement "org.datanucleus.store.rdbms.ParamLoggingPreparedStatement@15b6316e" para la conneccion "org.datanucleus.store.rdbms.datasource.dbcp2.PoolingDataSource$PoolGuardConnectionWrapper@7c8fdc5b"
11:42:05,797 (AWT-EventQueue-0) DEBUG [DataNucleus.Datastore.Native] - DELETE FROM A_VISITAN
11:42:05,799 (AWT-EventQueue-0) DEBUG [DataNucleus.Datastore.Persist] - SQL Tiempo de cumplir = 2 ms (numero de lineas cambiado = 0) con el PreparedStatement "org.datanucleus.store.rdbms.ParamLoggingPreparedStatement@15b6316e"
11:42:05,799 (AWT-EventQueue-0) DEBUG [DataNucleus.Datastore] - Cerrando PreparedStatement "org.datanucleus.store.rdbms.ParamLoggingPreparedStatement@15b6316e"
11:42:05,799 (AWT-EventQueue-0) DEBUG [DataNucleus.Query] - Query de SQL : "DELETE FROM A_BEBIDA"
11:42:05,799 (AWT-EventQueue-0) DEBUG [DataNucleus.Datastore] - Utilizando PreparedStatement "org.datanucleus.store.rdbms.ParamLoggingPreparedStatement@438652e" para la conneccion "org.datanucleus.store.rdbms.datasource.dbcp2.PoolingDataSource$PoolGuardConnectionWrapper@7c8fdc5b"
11:42:05,799 (AWT-EventQueue-0) DEBUG [DataNucleus.Datastore.Native] - DELETE FROM A_BEBIDA
11:42:05,800 (AWT-EventQueue-0) DEBUG [DataNucleus.Datastore.Persist] - SQL Tiempo de cumplir = 1 ms (numero de lineas cambiado = 0) con el PreparedStatement "org.datanucleus.store.rdbms.ParamLoggingPreparedStatement@438652e"
11:42:05,800 (AWT-EventQueue-0) DEBUG [DataNucleus.Datastore] - Cerrando PreparedStatement "org.datanucleus.store.rdbms.ParamLoggingPreparedStatement@438652e"
11:42:05,800 (AWT-EventQueue-0) DEBUG [DataNucleus.Query] - Query de SQL : "DELETE FROM A_TIPOBEBIDA"
11:42:05,801 (AWT-EventQueue-0) DEBUG [DataNucleus.Datastore] - Utilizando PreparedStatement "org.datanucleus.store.rdbms.ParamLoggingPreparedStatement@59179f0f" para la conneccion "org.datanucleus.store.rdbms.datasource.dbcp2.PoolingDataSource$PoolGuardConnectionWrapper@7c8fdc5b"
11:42:05,801 (AWT-EventQueue-0) DEBUG [DataNucleus.Datastore.Native] - DELETE FROM A_TIPOBEBIDA
11:42:05,802 (AWT-EventQueue-0) DEBUG [DataNucleus.Datastore.Persist] - SQL Tiempo de cumplir = 0 ms (numero de lineas cambiado = 0) con el PreparedStatement "org.datanucleus.store.rdbms.ParamLoggingPreparedStatement@59179f0f"
11:42:05,802 (AWT-EventQueue-0) DEBUG [DataNucleus.Datastore] - Cerrando PreparedStatement "org.datanucleus.store.rdbms.ParamLoggingPreparedStatement@59179f0f"
11:42:05,802 (AWT-EventQueue-0) DEBUG [DataNucleus.Query] - Query de SQL : "DELETE FROM A_BEBEDOR"
11:42:05,802 (AWT-EventQueue-0) DEBUG [DataNucleus.Datastore] - Utilizando PreparedStatement "org.datanucleus.store.rdbms.ParamLoggingPreparedStatement@b429ef0" para la conneccion "org.datanucleus.store.rdbms.datasource.dbcp2.PoolingDataSource$PoolGuardConnectionWrapper@7c8fdc5b"
11:42:05,802 (AWT-EventQueue-0) DEBUG [DataNucleus.Datastore.Native] - DELETE FROM A_BEBEDOR
11:42:05,803 (AWT-EventQueue-0) DEBUG [DataNucleus.Datastore.Persist] - SQL Tiempo de cumplir = 1 ms (numero de lineas cambiado = 0) con el PreparedStatement "org.datanucleus.store.rdbms.ParamLoggingPreparedStatement@b429ef0"
11:42:05,803 (AWT-EventQueue-0) DEBUG [DataNucleus.Datastore] - Cerrando PreparedStatement "org.datanucleus.store.rdbms.ParamLoggingPreparedStatement@b429ef0"
11:42:05,803 (AWT-EventQueue-0) DEBUG [DataNucleus.Query] - Query de SQL : "DELETE FROM A_BAR"
11:42:05,803 (AWT-EventQueue-0) DEBUG [DataNucleus.Datastore] - Utilizando PreparedStatement "org.datanucleus.store.rdbms.ParamLoggingPreparedStatement@2fdbf3b7" para la conneccion "org.datanucleus.store.rdbms.datasource.dbcp2.PoolingDataSource$PoolGuardConnectionWrapper@7c8fdc5b"
11:42:05,803 (AWT-EventQueue-0) DEBUG [DataNucleus.Datastore.Native] - DELETE FROM A_BAR
11:42:05,804 (AWT-EventQueue-0) DEBUG [DataNucleus.Datastore.Persist] - SQL Tiempo de cumplir = 1 ms (numero de lineas cambiado = 0) con el PreparedStatement "org.datanucleus.store.rdbms.ParamLoggingPreparedStatement@2fdbf3b7"
11:42:05,804 (AWT-EventQueue-0) DEBUG [DataNucleus.Datastore] - Cerrando PreparedStatement "org.datanucleus.store.rdbms.ParamLoggingPreparedStatement@2fdbf3b7"
11:42:05,804 (AWT-EventQueue-0) DEBUG [DataNucleus.Transaction] - Haciendo commit de la transaacción para el ExecutionContext org.datanucleus.ExecutionContextImpl@4f2e8797
11:42:05,804 (AWT-EventQueue-0) DEBUG [DataNucleus.Persistence] - ExecutionContext.internalFlush() empezado con flush ordenado - 0 objetos registrados
11:42:05,807 (AWT-EventQueue-0) DEBUG [DataNucleus.Persistence] - ExecutionContext.internalFlush() terminado
11:42:05,807 (AWT-EventQueue-0) DEBUG [DataNucleus.Persistence] - Persistence-By-Reachability (commit) : EMPIEZA
11:42:05,807 (AWT-EventQueue-0) DEBUG [DataNucleus.Persistence] - Persistence-By-Reachability (commit) : TERMINADO
11:42:05,807 (AWT-EventQueue-0) DEBUG [DataNucleus.Transaction] - Committing [DataNucleus Transaction, ID=-1148580989-1, enlisted resources=[org.datanucleus.store.rdbms.ConnectionFactoryImpl$EmulatedXAResource@1b7c2da1]]
11:42:05,807 (AWT-EventQueue-0) DEBUG [DataNucleus.Connection] - ManagedConnection VA A COMMIT : "org.datanucleus.store.rdbms.ConnectionFactoryImpl$ManagedConnectionImpl@2f4bb059 [conn=org.datanucleus.store.rdbms.datasource.dbcp2.PoolingDataSource$PoolGuardConnectionWrapper@7c8fdc5b, commitOnRelease=false, closeOnRelease=false, closeOnTxnEnd=true]"
11:42:05,808 (AWT-EventQueue-0) DEBUG [DataNucleus.Connection] - ManagedConnection CERRADO : "org.datanucleus.store.rdbms.ConnectionFactoryImpl$ManagedConnectionImpl@2f4bb059 [conn=org.datanucleus.store.rdbms.datasource.dbcp2.PoolingDataSource$PoolGuardConnectionWrapper@7c8fdc5b, commitOnRelease=false, closeOnRelease=false, closeOnTxnEnd=true]" 
11:42:05,809 (AWT-EventQueue-0) DEBUG [DataNucleus.Transaction] - Transacción committed en 5 ms
11:42:05,810 (AWT-EventQueue-0) DEBUG [DataNucleus.Persistence] - ExecutionContext "org.datanucleus.ExecutionContextImpl@4f2e8797" se cerró
17:49:19,984 (main) DEBUG [DataNucleus.General] - Using PluginRegistry org.datanucleus.plugin.NonManagedPluginRegistry
17:49:20,005 (main) DEBUG [DataNucleus.General] - Registering bundle org.datanucleus.api.jdo version 5.1.7 at URL file:/C:/Users/gbravo/Dropbox%20(Uniandes)/Compartido%20isis2304-ST-db/ST%20-%20Desde%20201810/isis2304-Material/st-parranderos-jdo-est/lib/datanucleus-api-jdo-5.1.7.jar.
17:49:20,016 (main) DEBUG [DataNucleus.General] - Leyendo extension-points y extensiones del archivo de plug-in jar:file:/C:/Users/gbravo/Dropbox%20(Uniandes)/Compartido%20isis2304-ST-db/ST%20-%20Desde%20201810/isis2304-Material/st-parranderos-jdo-est/lib/datanucleus-api-jdo-5.1.7.jar!/plugin.xml.
17:49:20,021 (main) DEBUG [DataNucleus.General] - Registering bundle org.datanucleus version 5.1.10 at URL file:/C:/Users/gbravo/Dropbox%20(Uniandes)/Compartido%20isis2304-ST-db/ST%20-%20Desde%20201810/isis2304-Material/st-parranderos-jdo-est/lib/datanucleus-core-5.1.10.jar.
17:49:20,023 (main) DEBUG [DataNucleus.General] - Leyendo extension-points y extensiones del archivo de plug-in jar:file:/C:/Users/gbravo/Dropbox%20(Uniandes)/Compartido%20isis2304-ST-db/ST%20-%20Desde%20201810/isis2304-Material/st-parranderos-jdo-est/lib/datanucleus-core-5.1.10.jar!/plugin.xml.
17:49:20,030 (main) DEBUG [DataNucleus.General] - Registering bundle org.datanucleus.store.rdbms version 5.1.10 at URL file:/C:/Users/gbravo/Dropbox%20(Uniandes)/Compartido%20isis2304-ST-db/ST%20-%20Desde%20201810/isis2304-Material/st-parranderos-jdo-est/lib/datanucleus-rdbms-5.1.10.jar.
17:49:20,033 (main) DEBUG [DataNucleus.General] - Leyendo extension-points y extensiones del archivo de plug-in jar:file:/C:/Users/gbravo/Dropbox%20(Uniandes)/Compartido%20isis2304-ST-db/ST%20-%20Desde%20201810/isis2304-Material/st-parranderos-jdo-est/lib/datanucleus-rdbms-5.1.10.jar!/plugin.xml.
17:49:20,063 (main) DEBUG [DataNucleus.MetaData] - Analizando el MetaData "file:/C:/Users/gbravo/Dropbox%20(Uniandes)/Compartido%20isis2304-ST-db/ST%20-%20Desde%20201810/isis2304-Material/st-parranderos-jdo-est/target/classes/META-INF/persistence.xml" con handler "persistence" (validar="false")
17:49:20,075 (main) DEBUG [DataNucleus.Persistence] - Tipos de Java inicializando ...
17:49:20,115 (main) DEBUG [DataNucleus.Persistence] - Soporte para tipos de Java listo : tipos soportados = [B, [C, [D, [F, [I, [J, [Ljava.lang.Boolean;, [Ljava.lang.Byte;, [Ljava.lang.Character;, [Ljava.lang.Double;, [Ljava.lang.Enum;, [Ljava.lang.Float;, [Ljava.lang.Integer;, [Ljava.lang.Long;, [Ljava.lang.Number;, [Ljava.lang.Object;, [Ljava.lang.Short;, [Ljava.lang.String;, [Ljava.math.BigDecimal;, [Ljava.math.BigInteger;, [Ljava.util.Date;, [Ljava.util.Locale;, [S, [Z, boolean, byte, char, double, float, int, java.awt.Color, java.awt.image.BufferedImage, java.lang.Boolean, java.lang.Byte, java.lang.Character, java.lang.Class, java.lang.Double, java.lang.Enum, java.lang.Float, java.lang.Integer, java.lang.Long, java.lang.Number, java.lang.Short, java.lang.String, java.lang.StringBuffer, java.lang.StringBuilder, java.math.BigDecimal, java.math.BigInteger, java.net.URI, java.net.URL, java.sql.Date, java.sql.Time, java.sql.Timestamp, java.time.Duration, java.time.Instant, java.time.LocalDate, java.time.LocalDateTime, java.time.LocalTime, java.time.MonthDay, java.time.OffsetDateTime, java.time.OffsetTime, java.time.Period, java.time.Year, java.time.YearMonth, java.time.ZonedDateTime, java.time.ZoneId, java.time.ZoneOffset, java.util.ArrayList, java.util.Arrays$ArrayList, java.util.BitSet, java.util.Calendar, java.util.Collection, java.util.Currency, java.util.Date, java.util.GregorianCalendar, java.util.HashMap, java.util.HashSet, java.util.Hashtable, java.util.LinkedHashMap, java.util.LinkedHashSet, java.util.LinkedList, java.util.List, java.util.Locale, java.util.Map, java.util.Optional, java.util.PriorityQueue, java.util.Properties, java.util.Queue, java.util.Set, java.util.SortedMap, java.util.SortedSet, java.util.Stack, java.util.TimeZone, java.util.TreeMap, java.util.TreeSet, java.util.UUID, java.util.Vector, long, short
17:49:20,116 (main) DEBUG [DataNucleus.Persistence] - Inicializando TypeConverters ...
17:49:20,142 (main) DEBUG [DataNucleus.Persistence] - TypeConverters listo
17:49:20,142 (main) DEBUG [DataNucleus.Persistence] - TypeConverter(s) available for byte[] to : java.nio.ByteBuffer
17:49:20,142 (main) DEBUG [DataNucleus.Persistence] - TypeConverter(s) available for char[] to : java.nio.ByteBuffer
17:49:20,142 (main) DEBUG [DataNucleus.Persistence] - TypeConverter(s) available for double[] to : java.nio.ByteBuffer
17:49:20,142 (main) DEBUG [DataNucleus.Persistence] - TypeConverter(s) available for float[] to : java.nio.ByteBuffer
17:49:20,142 (main) DEBUG [DataNucleus.Persistence] - TypeConverter(s) available for int[] to : java.nio.ByteBuffer
17:49:20,142 (main) DEBUG [DataNucleus.Persistence] - TypeConverter(s) available for long[] to : java.nio.ByteBuffer
17:49:20,142 (main) DEBUG [DataNucleus.Persistence] - TypeConverter(s) available for [Ljava.math.BigDecimal; to : java.nio.ByteBuffer
17:49:20,142 (main) DEBUG [DataNucleus.Persistence] - TypeConverter(s) available for [Ljava.math.BigInteger; to : java.nio.ByteBuffer
17:49:20,142 (main) DEBUG [DataNucleus.Persistence] - TypeConverter(s) available for short[] to : java.nio.ByteBuffer
17:49:20,142 (main) DEBUG [DataNucleus.Persistence] - TypeConverter(s) available for boolean[] to : java.nio.ByteBuffer
17:49:20,142 (main) DEBUG [DataNucleus.Persistence] - TypeConverter(s) available for java.awt.Color to : java.lang.String,int[]
17:49:20,142 (main) DEBUG [DataNucleus.Persistence] - TypeConverter(s) available for java.awt.image.BufferedImage to : java.nio.ByteBuffer,byte[]
17:49:20,142 (main) DEBUG [DataNucleus.Persistence] - TypeConverter(s) available for java.io.Serializable to : java.lang.String,java.nio.ByteBuffer,byte[]
17:49:20,142 (main) DEBUG [DataNucleus.Persistence] - TypeConverter(s) available for java.lang.Boolean to : java.lang.Character,java.lang.Integer
17:49:20,142 (main) DEBUG [DataNucleus.Persistence] - TypeConverter(s) available for java.lang.Character to : java.lang.String
17:49:20,142 (main) DEBUG [DataNucleus.Persistence] - TypeConverter(s) available for java.lang.Class to : java.lang.String
17:49:20,143 (main) DEBUG [DataNucleus.Persistence] - TypeConverter(s) available for java.lang.Integer to : java.lang.String
17:49:20,143 (main) DEBUG [DataNucleus.Persistence] - TypeConverter(s) available for java.lang.Long to : java.lang.String
17:49:20,143 (main) DEBUG [DataNucleus.Persistence] - TypeConverter(s) available for java.lang.StringBuffer to : java.lang.String
17:49:20,143 (main) DEBUG [DataNucleus.Persistence] - TypeConverter(s) available for java.lang.StringBuilder to : java.lang.String
17:49:20,143 (main) DEBUG [DataNucleus.Persistence] - TypeConverter(s) available for java.math.BigDecimal to : java.lang.String,java.lang.Double
17:49:20,143 (main) DEBUG [DataNucleus.Persistence] - TypeConverter(s) available for java.math.BigInteger to : java.lang.String,java.lang.Long
17:49:20,143 (main) DEBUG [DataNucleus.Persistence] - TypeConverter(s) available for java.net.URI to : java.lang.String
17:49:20,143 (main) DEBUG [DataNucleus.Persistence] - TypeConverter(s) available for java.net.URL to : java.lang.String
17:49:20,143 (main) DEBUG [DataNucleus.Persistence] - TypeConverter(s) available for java.sql.Date to : java.lang.String,java.lang.Long,java.util.Date
17:49:20,143 (main) DEBUG [DataNucleus.Persistence] - TypeConverter(s) available for java.sql.Time to : java.lang.String,java.lang.Long,java.util.Date
17:49:20,143 (main) DEBUG [DataNucleus.Persistence] - TypeConverter(s) available for java.sql.Timestamp to : java.lang.String,java.lang.Long,java.util.Date
17:49:20,143 (main) DEBUG [DataNucleus.Persistence] - TypeConverter(s) available for java.time.Duration to : java.lang.String,java.lang.Double,java.lang.Long
17:49:20,143 (main) DEBUG [DataNucleus.Persistence] - TypeConverter(s) available for java.time.Instant to : java.lang.String,java.lang.Long,java.sql.Timestamp,java.util.Date
17:49:20,143 (main) DEBUG [DataNucleus.Persistence] - TypeConverter(s) available for java.time.LocalDate to : java.lang.String,java.sql.Date,java.util.Date
17:49:20,143 (main) DEBUG [DataNucleus.Persistence] - TypeConverter(s) available for java.time.LocalDateTime to : java.lang.String,java.sql.Timestamp,java.util.Date
17:49:20,143 (main) DEBUG [DataNucleus.Persistence] - TypeConverter(s) available for java.time.LocalTime to : java.lang.String,java.sql.Time,java.lang.Long,java.util.Date
17:49:20,143 (main) DEBUG [DataNucleus.Persistence] - TypeConverter(s) available for java.time.MonthDay to : java.lang.String,int[],java.sql.Date,java.util.Date
17:49:20,143 (main) DEBUG [DataNucleus.Persistence] - TypeConverter(s) available for java.time.OffsetDateTime to : java.lang.String,java.sql.Timestamp,java.util.Date
17:49:20,143 (main) DEBUG [DataNucleus.Persistence] - TypeConverter(s) available for java.time.OffsetTime to : java.lang.String,java.sql.Time,java.lang.Long
17:49:20,143 (main) DEBUG [DataNucleus.Persistence] - TypeConverter(s) available for java.time.Period to : java.lang.String,int[]
17:49:20,143 (main) DEBUG [DataNucleus.Persistence] - TypeConverter(s) available for java.time.Year to : java.lang.String,java.lang.Integer
17:49:20,143 (main) DEBUG [DataNucleus.Persistence] - TypeConverter(s) available for java.time.YearMonth to : java.lang.String,int[],java.sql.Date,java.util.Date
17:49:20,143 (main) DEBUG [DataNucleus.Persistence] - TypeConverter(s) available for java.time.ZonedDateTime to : java.lang.String,java.sql.Timestamp
17:49:20,143 (main) DEBUG [DataNucleus.Persistence] - TypeConverter(s) available for java.time.ZoneId to : java.lang.String
17:49:20,143 (main) DEBUG [DataNucleus.Persistence] - TypeConverter(s) available for java.time.ZoneOffset to : java.lang.String
17:49:20,144 (main) DEBUG [DataNucleus.Persistence] - TypeConverter(s) available for java.util.BitSet to : java.lang.String
17:49:20,144 (main) DEBUG [DataNucleus.Persistence] - TypeConverter(s) available for java.util.Calendar to : java.lang.String,[Ljava.lang.Object;,java.sql.Timestamp,java.util.Date
17:49:20,144 (main) DEBUG [DataNucleus.Persistence] - TypeConverter(s) available for java.util.Currency to : java.lang.String
17:49:20,144 (main) DEBUG [DataNucleus.Persistence] - TypeConverter(s) available for java.util.Date to : java.lang.String,java.lang.Long
17:49:20,144 (main) DEBUG [DataNucleus.Persistence] - TypeConverter(s) available for java.util.Locale to : java.lang.String
17:49:20,144 (main) DEBUG [DataNucleus.Persistence] - TypeConverter(s) available for java.util.TimeZone to : java.lang.String
17:49:20,144 (main) DEBUG [DataNucleus.Persistence] - TypeConverter(s) available for java.util.UUID to : java.lang.String
17:49:20,144 (main) DEBUG [DataNucleus.MetaData] - MetaDataManager : Input=(XML,Annotations), XML-Validation=false, XML-Suffices=(persistence=*.jdo, orm=orm, query=*.jdoquery) mapping-name=oracle, JDO-listener=false
17:49:20,144 (main) DEBUG [DataNucleus.MetaData] - MetaData Management : Carga de Metadata del persistence-unit "Parranderos" ...
17:49:20,144 (main) DEBUG [DataNucleus.MetaData] - MetaData Management : Carga de Metadata ya ha terminado
17:49:20,146 (main) DEBUG [DataNucleus.Datastore] - Creating StoreManager for datastore
17:49:20,271 (main) DEBUG [DataNucleus.Connection] - Creado ConnectionPool "tx" con data source de tipo dbcp2-builtin
17:49:20,271 (main) DEBUG [DataNucleus.Connection] - Registrado la factoria de connecciones transaccionales bajo el nombre "rdbms/tx"
17:49:20,271 (main) DEBUG [DataNucleus.Connection] - Registrado la factoria de connecciones nontransaccionales bajo el nombre "rdbms/nontx"
17:49:20,280 (main) DEBUG [DataNucleus.Connection] - Creado ConnectionPool "nontx" con data source de tipo dbcp2-builtin
17:49:21,694 (main) ERROR [DataNucleus.Datastore.Schema] - La inicialización del base de datos ha fallado.
ORA-01017: invalid username/password; logon denied

org.datanucleus.exceptions.NucleusDataStoreException: ORA-01017: invalid username/password; logon denied

	at org.datanucleus.store.rdbms.ConnectionFactoryImpl$ManagedConnectionImpl.getConnection(ConnectionFactoryImpl.java:518)
	at org.datanucleus.store.rdbms.RDBMSStoreManager.<init>(RDBMSStoreManager.java:290)
	at sun.reflect.NativeConstructorAccessorImpl.newInstance0(Native Method)
	at sun.reflect.NativeConstructorAccessorImpl.newInstance(Unknown Source)
	at sun.reflect.DelegatingConstructorAccessorImpl.newInstance(Unknown Source)
	at java.lang.reflect.Constructor.newInstance(Unknown Source)
	at org.datanucleus.plugin.NonManagedPluginRegistry.createExecutableExtension(NonManagedPluginRegistry.java:660)
	at org.datanucleus.plugin.PluginManager.createExecutableExtension(PluginManager.java:295)
	at org.datanucleus.NucleusContextHelper.createStoreManagerForProperties(NucleusContextHelper.java:140)
	at org.datanucleus.PersistenceNucleusContextImpl.initialise(PersistenceNucleusContextImpl.java:445)
	at org.datanucleus.api.jdo.JDOPersistenceManagerFactory.freezeConfiguration(JDOPersistenceManagerFactory.java:855)
	at org.datanucleus.api.jdo.JDOPersistenceManagerFactory.createPersistenceManagerFactory(JDOPersistenceManagerFactory.java:346)
	at org.datanucleus.api.jdo.JDOPersistenceManagerFactory.getPersistenceManagerFactory(JDOPersistenceManagerFactory.java:225)
	at sun.reflect.NativeMethodAccessorImpl.invoke0(Native Method)
	at sun.reflect.NativeMethodAccessorImpl.invoke(Unknown Source)
	at sun.reflect.DelegatingMethodAccessorImpl.invoke(Unknown Source)
	at java.lang.reflect.Method.invoke(Unknown Source)
	at javax.jdo.JDOHelper$16.run(JDOHelper.java:1975)
	at java.security.AccessController.doPrivileged(Native Method)
	at javax.jdo.JDOHelper.invoke(JDOHelper.java:1970)
	at javax.jdo.JDOHelper.invokeGetPersistenceManagerFactoryOnImplementation(JDOHelper.java:1177)
	at javax.jdo.JDOHelper.getPersistenceManagerFactory(JDOHelper.java:851)
	at javax.jdo.JDOHelper.getPersistenceManagerFactory(JDOHelper.java:1109)
	at javax.jdo.JDOHelper.getPersistenceManagerFactory(JDOHelper.java:924)
	at uniandes.isis2304.parranderos.persistencia.PersistenciaParranderos.<init>(PersistenciaParranderos.java:161)
	at uniandes.isis2304.parranderos.persistencia.PersistenciaParranderos.getInstance(PersistenciaParranderos.java:185)
	at uniandes.isis2304.parranderos.negocio.Parranderos.<init>(Parranderos.java:67)
	at uniandes.isis2304.parranderos.interfazApp.InterfazParranderosApp.<init>(InterfazParranderosApp.java:129)
	at uniandes.isis2304.parranderos.interfazApp.InterfazParranderosApp.main(InterfazParranderosApp.java:647)
Caused by: java.sql.SQLException: ORA-01017: invalid username/password; logon denied

	at oracle.jdbc.driver.T4CTTIoer11.processError(T4CTTIoer11.java:494)
	at oracle.jdbc.driver.T4CTTIoer11.processError(T4CTTIoer11.java:441)
	at oracle.jdbc.driver.T4CTTIoer11.processError(T4CTTIoer11.java:436)
	at oracle.jdbc.driver.T4CTTIfun.processError(T4CTTIfun.java:1061)
	at oracle.jdbc.driver.T4CTTIoauthenticate.processError(T4CTTIoauthenticate.java:550)
	at oracle.jdbc.driver.T4CTTIfun.receive(T4CTTIfun.java:623)
	at oracle.jdbc.driver.T4CTTIfun.doRPC(T4CTTIfun.java:252)
	at oracle.jdbc.driver.T4CTTIoauthenticate.doOAUTH(T4CTTIoauthenticate.java:499)
	at oracle.jdbc.driver.T4CTTIoauthenticate.doOAUTH(T4CTTIoauthenticate.java:1279)
	at oracle.jdbc.driver.T4CConnection.logon(T4CConnection.java:663)
	at oracle.jdbc.driver.PhysicalConnection.connect(PhysicalConnection.java:688)
	at oracle.jdbc.driver.T4CDriverExtension.getConnection(T4CDriverExtension.java:39)
	at oracle.jdbc.driver.OracleDriver.connect(OracleDriver.java:691)
	at java.sql.DriverManager.getConnection(Unknown Source)
	at java.sql.DriverManager.getConnection(Unknown Source)
	at org.datanucleus.store.rdbms.datasource.dbcp2.DriverManagerConnectionFactory.createConnection(DriverManagerConnectionFactory.java:79)
	at org.datanucleus.store.rdbms.datasource.dbcp2.PoolableConnectionFactory.makeObject(PoolableConnectionFactory.java:254)
	at org.datanucleus.store.rdbms.datasource.dbcp2.pool2.impl.GenericObjectPool.create(GenericObjectPool.java:864)
	at org.datanucleus.store.rdbms.datasource.dbcp2.pool2.impl.GenericObjectPool.borrowObject(GenericObjectPool.java:434)
	at org.datanucleus.store.rdbms.datasource.dbcp2.pool2.impl.GenericObjectPool.borrowObject(GenericObjectPool.java:362)
	at org.datanucleus.store.rdbms.datasource.dbcp2.PoolingDataSource.getConnection(PoolingDataSource.java:132)
	at org.datanucleus.store.rdbms.ConnectionFactoryImpl$ManagedConnectionImpl.getConnection(ConnectionFactoryImpl.java:501)
	... 28 more
Nested Throwables StackTrace:
java.sql.SQLException: ORA-01017: invalid username/password; logon denied

	at oracle.jdbc.driver.T4CTTIoer11.processError(T4CTTIoer11.java:494)
	at oracle.jdbc.driver.T4CTTIoer11.processError(T4CTTIoer11.java:441)
	at oracle.jdbc.driver.T4CTTIoer11.processError(T4CTTIoer11.java:436)
	at oracle.jdbc.driver.T4CTTIfun.processError(T4CTTIfun.java:1061)
	at oracle.jdbc.driver.T4CTTIoauthenticate.processError(T4CTTIoauthenticate.java:550)
	at oracle.jdbc.driver.T4CTTIfun.receive(T4CTTIfun.java:623)
	at oracle.jdbc.driver.T4CTTIfun.doRPC(T4CTTIfun.java:252)
	at oracle.jdbc.driver.T4CTTIoauthenticate.doOAUTH(T4CTTIoauthenticate.java:499)
	at oracle.jdbc.driver.T4CTTIoauthenticate.doOAUTH(T4CTTIoauthenticate.java:1279)
	at oracle.jdbc.driver.T4CConnection.logon(T4CConnection.java:663)
	at oracle.jdbc.driver.PhysicalConnection.connect(PhysicalConnection.java:688)
	at oracle.jdbc.driver.T4CDriverExtension.getConnection(T4CDriverExtension.java:39)
	at oracle.jdbc.driver.OracleDriver.connect(OracleDriver.java:691)
	at java.sql.DriverManager.getConnection(Unknown Source)
	at java.sql.DriverManager.getConnection(Unknown Source)
	at org.datanucleus.store.rdbms.datasource.dbcp2.DriverManagerConnectionFactory.createConnection(DriverManagerConnectionFactory.java:79)
	at org.datanucleus.store.rdbms.datasource.dbcp2.PoolableConnectionFactory.makeObject(PoolableConnectionFactory.java:254)
	at org.datanucleus.store.rdbms.datasource.dbcp2.pool2.impl.GenericObjectPool.create(GenericObjectPool.java:864)
	at org.datanucleus.store.rdbms.datasource.dbcp2.pool2.impl.GenericObjectPool.borrowObject(GenericObjectPool.java:434)
	at org.datanucleus.store.rdbms.datasource.dbcp2.pool2.impl.GenericObjectPool.borrowObject(GenericObjectPool.java:362)
	at org.datanucleus.store.rdbms.datasource.dbcp2.PoolingDataSource.getConnection(PoolingDataSource.java:132)
	at org.datanucleus.store.rdbms.ConnectionFactoryImpl$ManagedConnectionImpl.getConnection(ConnectionFactoryImpl.java:501)
	at org.datanucleus.store.rdbms.RDBMSStoreManager.<init>(RDBMSStoreManager.java:290)
	at sun.reflect.NativeConstructorAccessorImpl.newInstance0(Native Method)
	at sun.reflect.NativeConstructorAccessorImpl.newInstance(Unknown Source)
	at sun.reflect.DelegatingConstructorAccessorImpl.newInstance(Unknown Source)
	at java.lang.reflect.Constructor.newInstance(Unknown Source)
	at org.datanucleus.plugin.NonManagedPluginRegistry.createExecutableExtension(NonManagedPluginRegistry.java:660)
	at org.datanucleus.plugin.PluginManager.createExecutableExtension(PluginManager.java:295)
	at org.datanucleus.NucleusContextHelper.createStoreManagerForProperties(NucleusContextHelper.java:140)
	at org.datanucleus.PersistenceNucleusContextImpl.initialise(PersistenceNucleusContextImpl.java:445)
	at org.datanucleus.api.jdo.JDOPersistenceManagerFactory.freezeConfiguration(JDOPersistenceManagerFactory.java:855)
	at org.datanucleus.api.jdo.JDOPersistenceManagerFactory.createPersistenceManagerFactory(JDOPersistenceManagerFactory.java:346)
	at org.datanucleus.api.jdo.JDOPersistenceManagerFactory.getPersistenceManagerFactory(JDOPersistenceManagerFactory.java:225)
	at sun.reflect.NativeMethodAccessorImpl.invoke0(Native Method)
	at sun.reflect.NativeMethodAccessorImpl.invoke(Unknown Source)
	at sun.reflect.DelegatingMethodAccessorImpl.invoke(Unknown Source)
	at java.lang.reflect.Method.invoke(Unknown Source)
	at javax.jdo.JDOHelper$16.run(JDOHelper.java:1975)
	at java.security.AccessController.doPrivileged(Native Method)
	at javax.jdo.JDOHelper.invoke(JDOHelper.java:1970)
	at javax.jdo.JDOHelper.invokeGetPersistenceManagerFactoryOnImplementation(JDOHelper.java:1177)
	at javax.jdo.JDOHelper.getPersistenceManagerFactory(JDOHelper.java:851)
	at javax.jdo.JDOHelper.getPersistenceManagerFactory(JDOHelper.java:1109)
	at javax.jdo.JDOHelper.getPersistenceManagerFactory(JDOHelper.java:924)
	at uniandes.isis2304.parranderos.persistencia.PersistenciaParranderos.<init>(PersistenciaParranderos.java:161)
	at uniandes.isis2304.parranderos.persistencia.PersistenciaParranderos.getInstance(PersistenciaParranderos.java:185)
	at uniandes.isis2304.parranderos.negocio.Parranderos.<init>(Parranderos.java:67)
	at uniandes.isis2304.parranderos.interfazApp.InterfazParranderosApp.<init>(InterfazParranderosApp.java:129)
	at uniandes.isis2304.parranderos.interfazApp.InterfazParranderosApp.main(InterfazParranderosApp.java:647)
17:49:21,697 (main) ERROR [DataNucleus.Datastore] - Exception thrown creating StoreManager : ORA-01017: invalid username/password; logon denied

15:09:37,600 (main) DEBUG [DataNucleus.General] - Using PluginRegistry org.datanucleus.plugin.NonManagedPluginRegistry
15:09:37,618 (main) DEBUG [DataNucleus.General] - Registering bundle org.datanucleus.api.jdo version 5.1.7 at URL file:/C:/Users/laura/OneDrive%20-%20Universidad%20de%20los%20andes/Semestre%205/Sistemas%20transaccionales/Iteraciones/Iteración%202/parranderos-jdo/st-parranderos-jdo-est/lib/datanucleus-api-jdo-5.1.7.jar.
15:09:37,631 (main) DEBUG [DataNucleus.General] - Leyendo extension-points y extensiones del archivo de plug-in jar:file:/C:/Users/laura/OneDrive%20-%20Universidad%20de%20los%20andes/Semestre%205/Sistemas%20transaccionales/Iteraciones/Iteraci%c3%b3n%202/parranderos-jdo/st-parranderos-jdo-est/lib/datanucleus-api-jdo-5.1.7.jar!/plugin.xml.
15:09:37,637 (main) DEBUG [DataNucleus.General] - Registering bundle org.datanucleus version 5.1.10 at URL file:/C:/Users/laura/OneDrive%20-%20Universidad%20de%20los%20andes/Semestre%205/Sistemas%20transaccionales/Iteraciones/Iteración%202/parranderos-jdo/st-parranderos-jdo-est/lib/datanucleus-core-5.1.10.jar.
15:09:37,639 (main) DEBUG [DataNucleus.General] - Leyendo extension-points y extensiones del archivo de plug-in jar:file:/C:/Users/laura/OneDrive%20-%20Universidad%20de%20los%20andes/Semestre%205/Sistemas%20transaccionales/Iteraciones/Iteraci%c3%b3n%202/parranderos-jdo/st-parranderos-jdo-est/lib/datanucleus-core-5.1.10.jar!/plugin.xml.
15:09:37,647 (main) DEBUG [DataNucleus.General] - Registering bundle org.datanucleus.store.rdbms version 5.1.10 at URL file:/C:/Users/laura/OneDrive%20-%20Universidad%20de%20los%20andes/Semestre%205/Sistemas%20transaccionales/Iteraciones/Iteración%202/parranderos-jdo/st-parranderos-jdo-est/lib/datanucleus-rdbms-5.1.10.jar.
15:09:37,650 (main) DEBUG [DataNucleus.General] - Leyendo extension-points y extensiones del archivo de plug-in jar:file:/C:/Users/laura/OneDrive%20-%20Universidad%20de%20los%20andes/Semestre%205/Sistemas%20transaccionales/Iteraciones/Iteraci%c3%b3n%202/parranderos-jdo/st-parranderos-jdo-est/lib/datanucleus-rdbms-5.1.10.jar!/plugin.xml.
15:09:37,670 (main) DEBUG [DataNucleus.MetaData] - Analizando el MetaData "file:/C:/Users/laura/OneDrive%20-%20Universidad%20de%20los%20andes/Semestre%205/Sistemas%20transaccionales/Iteraciones/Iteraci%c3%b3n%202/parranderos-jdo/st-parranderos-jdo-est/target/classes/META-INF/persistence.xml" con handler "persistence" (validar="false")
15:09:37,682 (main) DEBUG [DataNucleus.Persistence] - Tipos de Java inicializando ...
15:09:37,733 (main) DEBUG [DataNucleus.Persistence] - Soporte para tipos de Java listo : tipos soportados = [B, [C, [D, [F, [I, [J, [Ljava.lang.Boolean;, [Ljava.lang.Byte;, [Ljava.lang.Character;, [Ljava.lang.Double;, [Ljava.lang.Enum;, [Ljava.lang.Float;, [Ljava.lang.Integer;, [Ljava.lang.Long;, [Ljava.lang.Number;, [Ljava.lang.Object;, [Ljava.lang.Short;, [Ljava.lang.String;, [Ljava.math.BigDecimal;, [Ljava.math.BigInteger;, [Ljava.util.Date;, [Ljava.util.Locale;, [S, [Z, boolean, byte, char, double, float, int, java.awt.Color, java.awt.image.BufferedImage, java.lang.Boolean, java.lang.Byte, java.lang.Character, java.lang.Class, java.lang.Double, java.lang.Enum, java.lang.Float, java.lang.Integer, java.lang.Long, java.lang.Number, java.lang.Short, java.lang.String, java.lang.StringBuffer, java.lang.StringBuilder, java.math.BigDecimal, java.math.BigInteger, java.net.URI, java.net.URL, java.sql.Date, java.sql.Time, java.sql.Timestamp, java.time.Duration, java.time.Instant, java.time.LocalDate, java.time.LocalDateTime, java.time.LocalTime, java.time.MonthDay, java.time.OffsetDateTime, java.time.OffsetTime, java.time.Period, java.time.Year, java.time.YearMonth, java.time.ZonedDateTime, java.time.ZoneId, java.time.ZoneOffset, java.util.ArrayList, java.util.Arrays$ArrayList, java.util.BitSet, java.util.Calendar, java.util.Collection, java.util.Currency, java.util.Date, java.util.GregorianCalendar, java.util.HashMap, java.util.HashSet, java.util.Hashtable, java.util.LinkedHashMap, java.util.LinkedHashSet, java.util.LinkedList, java.util.List, java.util.Locale, java.util.Map, java.util.Optional, java.util.PriorityQueue, java.util.Properties, java.util.Queue, java.util.Set, java.util.SortedMap, java.util.SortedSet, java.util.Stack, java.util.TimeZone, java.util.TreeMap, java.util.TreeSet, java.util.UUID, java.util.Vector, long, short
15:09:37,733 (main) DEBUG [DataNucleus.Persistence] - Inicializando TypeConverters ...
15:09:37,759 (main) DEBUG [DataNucleus.Persistence] - TypeConverters listo
15:09:37,759 (main) DEBUG [DataNucleus.Persistence] - TypeConverter(s) available for byte[] to : java.nio.ByteBuffer
15:09:37,759 (main) DEBUG [DataNucleus.Persistence] - TypeConverter(s) available for char[] to : java.nio.ByteBuffer
15:09:37,759 (main) DEBUG [DataNucleus.Persistence] - TypeConverter(s) available for double[] to : java.nio.ByteBuffer
15:09:37,759 (main) DEBUG [DataNucleus.Persistence] - TypeConverter(s) available for float[] to : java.nio.ByteBuffer
15:09:37,759 (main) DEBUG [DataNucleus.Persistence] - TypeConverter(s) available for int[] to : java.nio.ByteBuffer
15:09:37,759 (main) DEBUG [DataNucleus.Persistence] - TypeConverter(s) available for long[] to : java.nio.ByteBuffer
15:09:37,759 (main) DEBUG [DataNucleus.Persistence] - TypeConverter(s) available for [Ljava.math.BigDecimal; to : java.nio.ByteBuffer
15:09:37,759 (main) DEBUG [DataNucleus.Persistence] - TypeConverter(s) available for [Ljava.math.BigInteger; to : java.nio.ByteBuffer
15:09:37,759 (main) DEBUG [DataNucleus.Persistence] - TypeConverter(s) available for short[] to : java.nio.ByteBuffer
15:09:37,759 (main) DEBUG [DataNucleus.Persistence] - TypeConverter(s) available for boolean[] to : java.nio.ByteBuffer
15:09:37,759 (main) DEBUG [DataNucleus.Persistence] - TypeConverter(s) available for java.awt.Color to : java.lang.String,int[]
15:09:37,759 (main) DEBUG [DataNucleus.Persistence] - TypeConverter(s) available for java.awt.image.BufferedImage to : byte[],java.nio.ByteBuffer
15:09:37,760 (main) DEBUG [DataNucleus.Persistence] - TypeConverter(s) available for java.io.Serializable to : byte[],java.nio.ByteBuffer,java.lang.String
15:09:37,760 (main) DEBUG [DataNucleus.Persistence] - TypeConverter(s) available for java.lang.Boolean to : java.lang.Integer,java.lang.Character
15:09:37,760 (main) DEBUG [DataNucleus.Persistence] - TypeConverter(s) available for java.lang.Character to : java.lang.String
15:09:37,760 (main) DEBUG [DataNucleus.Persistence] - TypeConverter(s) available for java.lang.Class to : java.lang.String
15:09:37,760 (main) DEBUG [DataNucleus.Persistence] - TypeConverter(s) available for java.lang.Integer to : java.lang.String
15:09:37,760 (main) DEBUG [DataNucleus.Persistence] - TypeConverter(s) available for java.lang.Long to : java.lang.String
15:09:37,760 (main) DEBUG [DataNucleus.Persistence] - TypeConverter(s) available for java.lang.StringBuffer to : java.lang.String
15:09:37,760 (main) DEBUG [DataNucleus.Persistence] - TypeConverter(s) available for java.lang.StringBuilder to : java.lang.String
15:09:37,760 (main) DEBUG [DataNucleus.Persistence] - TypeConverter(s) available for java.math.BigDecimal to : java.lang.String,java.lang.Double
15:09:37,760 (main) DEBUG [DataNucleus.Persistence] - TypeConverter(s) available for java.math.BigInteger to : java.lang.Long,java.lang.String
15:09:37,760 (main) DEBUG [DataNucleus.Persistence] - TypeConverter(s) available for java.net.URI to : java.lang.String
15:09:37,760 (main) DEBUG [DataNucleus.Persistence] - TypeConverter(s) available for java.net.URL to : java.lang.String
15:09:37,760 (main) DEBUG [DataNucleus.Persistence] - TypeConverter(s) available for java.sql.Date to : java.util.Date,java.lang.Long,java.lang.String
15:09:37,760 (main) DEBUG [DataNucleus.Persistence] - TypeConverter(s) available for java.sql.Time to : java.util.Date,java.lang.Long,java.lang.String
15:09:37,760 (main) DEBUG [DataNucleus.Persistence] - TypeConverter(s) available for java.sql.Timestamp to : java.util.Date,java.lang.Long,java.lang.String
15:09:37,760 (main) DEBUG [DataNucleus.Persistence] - TypeConverter(s) available for java.time.Duration to : java.lang.Long,java.lang.String,java.lang.Double
15:09:37,760 (main) DEBUG [DataNucleus.Persistence] - TypeConverter(s) available for java.time.Instant to : java.util.Date,java.sql.Timestamp,java.lang.Long,java.lang.String
15:09:37,760 (main) DEBUG [DataNucleus.Persistence] - TypeConverter(s) available for java.time.LocalDate to : java.sql.Date,java.util.Date,java.lang.String
15:09:37,760 (main) DEBUG [DataNucleus.Persistence] - TypeConverter(s) available for java.time.LocalDateTime to : java.util.Date,java.sql.Timestamp,java.lang.String
15:09:37,760 (main) DEBUG [DataNucleus.Persistence] - TypeConverter(s) available for java.time.LocalTime to : java.util.Date,java.lang.Long,java.lang.String,java.sql.Time
15:09:37,760 (main) DEBUG [DataNucleus.Persistence] - TypeConverter(s) available for java.time.MonthDay to : java.sql.Date,java.util.Date,java.lang.String,int[]
15:09:37,760 (main) DEBUG [DataNucleus.Persistence] - TypeConverter(s) available for java.time.OffsetDateTime to : java.util.Date,java.sql.Timestamp,java.lang.String
15:09:37,760 (main) DEBUG [DataNucleus.Persistence] - TypeConverter(s) available for java.time.OffsetTime to : java.lang.Long,java.lang.String,java.sql.Time
15:09:37,761 (main) DEBUG [DataNucleus.Persistence] - TypeConverter(s) available for java.time.Period to : java.lang.String,int[]
15:09:37,761 (main) DEBUG [DataNucleus.Persistence] - TypeConverter(s) available for java.time.Year to : java.lang.Integer,java.lang.String
15:09:37,761 (main) DEBUG [DataNucleus.Persistence] - TypeConverter(s) available for java.time.YearMonth to : java.sql.Date,java.util.Date,java.lang.String,int[]
15:09:37,761 (main) DEBUG [DataNucleus.Persistence] - TypeConverter(s) available for java.time.ZonedDateTime to : java.sql.Timestamp,java.lang.String
15:09:37,761 (main) DEBUG [DataNucleus.Persistence] - TypeConverter(s) available for java.time.ZoneId to : java.lang.String
15:09:37,761 (main) DEBUG [DataNucleus.Persistence] - TypeConverter(s) available for java.time.ZoneOffset to : java.lang.String
15:09:37,761 (main) DEBUG [DataNucleus.Persistence] - TypeConverter(s) available for java.util.BitSet to : java.lang.String
15:09:37,761 (main) DEBUG [DataNucleus.Persistence] - TypeConverter(s) available for java.util.Calendar to : java.util.Date,java.sql.Timestamp,java.lang.String,[Ljava.lang.Object;
15:09:37,761 (main) DEBUG [DataNucleus.Persistence] - TypeConverter(s) available for java.util.Currency to : java.lang.String
15:09:37,761 (main) DEBUG [DataNucleus.Persistence] - TypeConverter(s) available for java.util.Date to : java.lang.Long,java.lang.String
15:09:37,761 (main) DEBUG [DataNucleus.Persistence] - TypeConverter(s) available for java.util.Locale to : java.lang.String
15:09:37,761 (main) DEBUG [DataNucleus.Persistence] - TypeConverter(s) available for java.util.TimeZone to : java.lang.String
15:09:37,761 (main) DEBUG [DataNucleus.Persistence] - TypeConverter(s) available for java.util.UUID to : java.lang.String
15:09:37,761 (main) DEBUG [DataNucleus.MetaData] - MetaDataManager : Input=(XML,Annotations), XML-Validation=false, XML-Suffices=(persistence=*.jdo, orm=orm, query=*.jdoquery) mapping-name=oracle, JDO-listener=false
15:09:37,761 (main) DEBUG [DataNucleus.MetaData] - MetaData Management : Carga de Metadata del persistence-unit "Parranderos" ...
15:09:37,761 (main) DEBUG [DataNucleus.MetaData] - MetaData Management : Carga de Metadata ya ha terminado
15:09:37,763 (main) DEBUG [DataNucleus.Datastore] - Creating StoreManager for datastore
15:09:37,970 (main) DEBUG [DataNucleus.Connection] - Creado ConnectionPool "tx" con data source de tipo dbcp2-builtin
15:09:37,971 (main) DEBUG [DataNucleus.Connection] - Registrado la factoria de connecciones transaccionales bajo el nombre "rdbms/tx"
15:09:37,971 (main) DEBUG [DataNucleus.Connection] - Registrado la factoria de connecciones nontransaccionales bajo el nombre "rdbms/nontx"
15:09:37,978 (main) DEBUG [DataNucleus.Connection] - Creado ConnectionPool "nontx" con data source de tipo dbcp2-builtin
15:09:44,248 (main) DEBUG [DataNucleus.Connection] - ManagedConnection ABIERTO : "org.datanucleus.store.rdbms.ConnectionFactoryImpl$ManagedConnectionImpl@77a7cf58 [conn=null, commitOnRelease=true, closeOnRelease=true, closeOnTxnEnd=true]" en resource "nontx"
15:09:44,562 (main) DEBUG [DataNucleus.Datastore] - No Soportando el tipo RDBMS de Java java.lang.Boolean, jdbc-type=BOOLEAN
15:09:44,563 (main) DEBUG [DataNucleus.Datastore] - Soporte de RDBMS configurado para el tipo "[B" con jdbc-types=[BLOB, VARBINARY, LONGVARBINARY], sql-types=[BLOB, VARBINARY, LONGVARBINARY] y defecto (jdbc-type=BLOB, sql-type=BLOB)
15:09:44,563 (main) DEBUG [DataNucleus.Datastore] - Soporte de RDBMS configurado para el tipo "java.io.File" con jdbc-types=[LONGVARBINARY], sql-types=[LONGVARBINARY] y defecto (jdbc-type=LONGVARBINARY, sql-type=LONGVARBINARY)
15:09:44,563 (main) DEBUG [DataNucleus.Datastore] - Soporte de RDBMS configurado para el tipo "java.io.Serializable" con jdbc-types=[BLOB, VARBINARY, LONGVARBINARY], sql-types=[BLOB, VARBINARY, LONGVARBINARY] y defecto (jdbc-type=BLOB, sql-type=BLOB)
15:09:44,563 (main) DEBUG [DataNucleus.Datastore] - Soporte de RDBMS configurado para el tipo "java.lang.Boolean" con jdbc-types=[NUMERIC, SMALLINT, CHAR, BIT, TINYINT], sql-types=[NUMERIC, SMALLINT, CHAR, BIT, TINYINT] y defecto (jdbc-type=NUMERIC, sql-type=NUMERIC)
15:09:44,563 (main) DEBUG [DataNucleus.Datastore] - Soporte de RDBMS configurado para el tipo "java.lang.Byte" con jdbc-types=[NUMERIC, SMALLINT, TINYINT], sql-types=[NUMERIC, SMALLINT, TINYINT] y defecto (jdbc-type=NUMERIC, sql-type=NUMERIC)
15:09:44,563 (main) DEBUG [DataNucleus.Datastore] - Soporte de RDBMS configurado para el tipo "java.lang.Character" con jdbc-types=[NUMERIC, CHAR, INTEGER], sql-types=[NUMERIC, CHAR, INTEGER] y defecto (jdbc-type=CHAR, sql-type=CHAR)
15:09:44,563 (main) DEBUG [DataNucleus.Datastore] - Soporte de RDBMS configurado para el tipo "java.lang.Double" con jdbc-types=[FLOAT, NUMERIC, DECIMAL, DOUBLE], sql-types=[FLOAT, NUMBER, DECIMAL, DOUBLE] y defecto (jdbc-type=FLOAT, sql-type=FLOAT)
15:09:44,563 (main) DEBUG [DataNucleus.Datastore] - Soporte de RDBMS configurado para el tipo "java.lang.Float" con jdbc-types=[FLOAT, NUMERIC, REAL, DECIMAL, DOUBLE], sql-types=[FLOAT, NUMBER, REAL, DECIMAL, DOUBLE] y defecto (jdbc-type=FLOAT, sql-type=FLOAT)
15:09:44,563 (main) DEBUG [DataNucleus.Datastore] - Soporte de RDBMS configurado para el tipo "java.lang.Integer" con jdbc-types=[NUMERIC, SMALLINT, BIGINT, TINYINT, INTEGER], sql-types=[NUMERIC, NUMBER, SMALLINT, BIGINT, TINYINT, INTEGER] y defecto (jdbc-type=NUMERIC, sql-type=NUMERIC)
15:09:44,563 (main) DEBUG [DataNucleus.Datastore] - Soporte de RDBMS configurado para el tipo "java.lang.Long" con jdbc-types=[NUMERIC, SMALLINT, BIGINT, TINYINT, INTEGER], sql-types=[NUMERIC, NUMBER, SMALLINT, BIGINT, INT, TINYINT] y defecto (jdbc-type=NUMERIC, sql-type=NUMERIC)
15:09:44,563 (main) DEBUG [DataNucleus.Datastore] - Soporte de RDBMS configurado para el tipo "java.lang.Short" con jdbc-types=[NUMERIC, SMALLINT, TINYINT, INTEGER], sql-types=[NUMERIC, NUMBER, SMALLINT, TINYINT, INTEGER] y defecto (jdbc-type=NUMERIC, sql-type=NUMERIC)
15:09:44,563 (main) DEBUG [DataNucleus.Datastore] - Soporte de RDBMS configurado para el tipo "java.lang.String" con jdbc-types=[XMLTYPE, BLOB, LONGVARCHAR, CLOB, VARCHAR, CHAR, BIGINT, NVARCHAR, NCHAR], sql-types=[NVARCHAR2, XMLTYPE, BLOB, LONGVARCHAR, CLOB, VARCHAR, CHAR, BIGINT, NVARCHAR, NCHAR] y defecto (jdbc-type=VARCHAR, sql-type=VARCHAR)
15:09:44,563 (main) DEBUG [DataNucleus.Datastore] - Soporte de RDBMS configurado para el tipo "java.math.BigDecimal" con jdbc-types=[NUMERIC, DECIMAL], sql-types=[NUMERIC, NUMBER, DECIMAL] y defecto (jdbc-type=NUMERIC, sql-type=NUMERIC)
15:09:44,563 (main) DEBUG [DataNucleus.Datastore] - Soporte de RDBMS configurado para el tipo "java.math.BigInteger" con jdbc-types=[NUMERIC], sql-types=[NUMERIC, NUMBER] y defecto (jdbc-type=NUMERIC, sql-type=NUMERIC)
15:09:44,563 (main) DEBUG [DataNucleus.Datastore] - Soporte de RDBMS configurado para el tipo "java.sql.Date" con jdbc-types=[DATE, TIMESTAMP, VARCHAR, CHAR, BIGINT], sql-types=[DATE, TIMESTAMP, VARCHAR, CHAR, BIGINT] y defecto (jdbc-type=DATE, sql-type=DATE)
15:09:44,563 (main) DEBUG [DataNucleus.Datastore] - Soporte de RDBMS configurado para el tipo "java.sql.Time" con jdbc-types=[TIMESTAMP, VARCHAR, CHAR, TIME, BIGINT], sql-types=[TIMESTAMP, VARCHAR, CHAR, TIME, BIGINT] y defecto (jdbc-type=TIME, sql-type=TIME)
15:09:44,563 (main) DEBUG [DataNucleus.Datastore] - Soporte de RDBMS configurado para el tipo "java.sql.Timestamp" con jdbc-types=[DATE, TIMESTAMP, VARCHAR, CHAR, TIME], sql-types=[DATE, TIMESTAMP, VARCHAR, CHAR, TIME] y defecto (jdbc-type=TIMESTAMP, sql-type=TIMESTAMP)
15:09:44,563 (main) DEBUG [DataNucleus.Datastore] - Soporte de RDBMS configurado para el tipo "java.util.Date" con jdbc-types=[DATE, TIMESTAMP, VARCHAR, CHAR, TIME, BIGINT], sql-types=[DATE, TIMESTAMP, VARCHAR, CHAR, TIME, BIGINT] y defecto (jdbc-type=TIMESTAMP, sql-type=TIMESTAMP)
15:09:44,563 (main) DEBUG [DataNucleus.Datastore] - Soporte de RDBMS configurado para el tipo "org.datanucleus.identity.DatastoreId" con jdbc-types=[NUMERIC, VARCHAR, CHAR, BIGINT, INTEGER], sql-types=[NUMERIC, VARCHAR, CHAR, BIGINT, INTEGER] y defecto (jdbc-type=NUMERIC, sql-type=NUMERIC)
15:09:44,583 (main) DEBUG [DataNucleus.Datastore] - ======================= Datastore =========================
15:09:44,583 (main) DEBUG [DataNucleus.Datastore] - StoreManager : "rdbms" (org.datanucleus.store.rdbms.RDBMSStoreManager)
15:09:44,583 (main) DEBUG [DataNucleus.Datastore] - Datastore : read-write
15:09:44,583 (main) DEBUG [DataNucleus.Datastore] - Schema Control : AutoCreate(None), Validate(None)
15:09:44,583 (main) DEBUG [DataNucleus.Datastore] - Schema : NamingFactory=datanucleus2 identifierCase=null
15:09:44,583 (main) DEBUG [DataNucleus.Datastore] - Query Languages : JDOQL, JPQL, STOREDPROC, SQL
15:09:44,583 (main) DEBUG [DataNucleus.Datastore] - Queries : Timeout=0
15:09:44,583 (main) DEBUG [DataNucleus.Datastore] - ===========================================================
15:09:44,583 (main) DEBUG [DataNucleus.Datastore] - Datastore Adapter : org.datanucleus.store.rdbms.adapter.OracleAdapter
15:09:44,583 (main) DEBUG [DataNucleus.Datastore] - Datastore : name="Oracle" version="Oracle Database 19c Enterprise Edition Release 19.0.0.0.0 - Production"
15:09:44,584 (main) DEBUG [DataNucleus.Datastore] - Datastore Driver : name="Oracle JDBC driver" version="12.2.0.1.0"
15:09:44,584 (main) DEBUG [DataNucleus.Datastore] - Primary Connection Factory : URL[jdbc:oracle:thin:@fn4.oracle.virtual.uniandes.edu.co:1521/prod]
15:09:44,584 (main) DEBUG [DataNucleus.Datastore] - Secondary Connection Factory : URL[jdbc:oracle:thin:@fn4.oracle.virtual.uniandes.edu.co:1521/prod]
15:09:44,584 (main) DEBUG [DataNucleus.Datastore] - Datastore Identifiers : factory="datanucleus2" case=UPPERCASE schema=ISIS2304A15202120
15:09:44,584 (main) DEBUG [DataNucleus.Datastore] - Supported Identifier Cases : "MixedCase" UPPERCASE "MixedCase-Sensitive" 
15:09:44,584 (main) DEBUG [DataNucleus.Datastore] - Supported Identifier Lengths (max) : Table=128 Column=128 Constraint=128 Index=128 Delimiter="
15:09:44,584 (main) DEBUG [DataNucleus.Datastore] - Support for Identifiers in DDL : catalog=false schema=true
15:09:44,584 (main) DEBUG [DataNucleus.Datastore] - Datastore : checkTableViewExistence, rdbmsConstraintCreateMode=DataNucleus, initialiseColumnInfo=ALL
15:09:44,584 (main) DEBUG [DataNucleus.Datastore] - Support Statement Batching : yes (max-batch-size=50)
15:09:44,584 (main) DEBUG [DataNucleus.Datastore] - Queries : Results direction=forward, type=forward-only, concurrency=read-only
15:09:44,584 (main) DEBUG [DataNucleus.Datastore] - Java-Types : string-default-length=255
15:09:44,584 (main) DEBUG [DataNucleus.Datastore] - JDBC-Types : NCLOB, NCHAR, [id=2007], REF, CLOB, BLOB, ARRAY, STRUCT, DATE, TIME, TIMESTAMP, VARCHAR, LONGVARCHAR, VARBINARY, LONGVARBINARY, BIGINT, TINYINT, BIT, NVARCHAR, [id=-101], CHAR, [id=-103], NUMERIC, [id=-102], DECIMAL, INTEGER, SMALLINT, FLOAT, REAL, DOUBLE, [id=-104]
15:09:44,584 (main) DEBUG [DataNucleus.Datastore] - ===========================================================
15:09:44,585 (main) DEBUG [DataNucleus.Connection] - ManagedConnection CERRADO : "org.datanucleus.store.rdbms.ConnectionFactoryImpl$ManagedConnectionImpl@77a7cf58 [conn=org.datanucleus.store.rdbms.datasource.dbcp2.PoolingDataSource$PoolGuardConnectionWrapper@1ac85b0c, commitOnRelease=true, closeOnRelease=true, closeOnTxnEnd=true]" 
15:09:44,586 (main) DEBUG [DataNucleus.Datastore] - StoreManager now created
15:09:44,587 (main) DEBUG [DataNucleus.Persistence] - Started pool of ExecutionContext (maxPool=20, reaperThread=false)
15:09:44,591 (main) DEBUG [DataNucleus.Persistence] - ================= NucleusContext ===============
15:09:44,591 (main) DEBUG [DataNucleus.Persistence] - DataNucleus Context : Versión: "5.1.10" con JRE "12.0.1" en "Windows 10"
15:09:44,591 (main) DEBUG [DataNucleus.Persistence] - Persistence API : JDO
15:09:44,591 (main) DEBUG [DataNucleus.Persistence] - Persistence-Unit : Parranderos
15:09:44,591 (main) DEBUG [DataNucleus.Persistence] - Plugin Registry : org.datanucleus.plugin.NonManagedPluginRegistry
15:09:44,591 (main) DEBUG [DataNucleus.Persistence] - ClassLoading : default
15:09:44,591 (main) DEBUG [DataNucleus.Persistence] - Persistence : pm-singlethreaded, nontransactional-read, nontransactional-write, reachability-at-commit, copy-on-attach, managed-relations(checked), deletion-policy=JDO2, serverTimeZone=America/Bogota
15:09:44,591 (main) DEBUG [DataNucleus.Persistence] - Transactions : type=RESOURCE_LOCAL, mode=datastore, isolation=read-committed
15:09:44,591 (main) DEBUG [DataNucleus.Persistence] - ValueGeneration : txn-isolation=read-committed connection=New
15:09:44,591 (main) DEBUG [DataNucleus.Persistence] - Cache : Level1 (soft), Level2 (soft, mode=UNSPECIFIED), QueryResults (soft), Collections/Maps 
15:09:44,592 (main) DEBUG [DataNucleus.Persistence] - ================================================
15:11:00,426 (main) DEBUG [DataNucleus.General] - Using PluginRegistry org.datanucleus.plugin.NonManagedPluginRegistry
15:11:00,445 (main) DEBUG [DataNucleus.General] - Registering bundle org.datanucleus.api.jdo version 5.1.7 at URL file:/C:/Users/laura/OneDrive%20-%20Universidad%20de%20los%20andes/Semestre%205/Sistemas%20transaccionales/Iteraciones/Iteración%202/parranderos-jdo/st-parranderos-jdo-est/lib/datanucleus-api-jdo-5.1.7.jar.
15:11:00,458 (main) DEBUG [DataNucleus.General] - Leyendo extension-points y extensiones del archivo de plug-in jar:file:/C:/Users/laura/OneDrive%20-%20Universidad%20de%20los%20andes/Semestre%205/Sistemas%20transaccionales/Iteraciones/Iteraci%c3%b3n%202/parranderos-jdo/st-parranderos-jdo-est/lib/datanucleus-api-jdo-5.1.7.jar!/plugin.xml.
15:11:00,463 (main) DEBUG [DataNucleus.General] - Registering bundle org.datanucleus version 5.1.10 at URL file:/C:/Users/laura/OneDrive%20-%20Universidad%20de%20los%20andes/Semestre%205/Sistemas%20transaccionales/Iteraciones/Iteración%202/parranderos-jdo/st-parranderos-jdo-est/lib/datanucleus-core-5.1.10.jar.
15:11:00,465 (main) DEBUG [DataNucleus.General] - Leyendo extension-points y extensiones del archivo de plug-in jar:file:/C:/Users/laura/OneDrive%20-%20Universidad%20de%20los%20andes/Semestre%205/Sistemas%20transaccionales/Iteraciones/Iteraci%c3%b3n%202/parranderos-jdo/st-parranderos-jdo-est/lib/datanucleus-core-5.1.10.jar!/plugin.xml.
15:11:00,475 (main) DEBUG [DataNucleus.General] - Registering bundle org.datanucleus.store.rdbms version 5.1.10 at URL file:/C:/Users/laura/OneDrive%20-%20Universidad%20de%20los%20andes/Semestre%205/Sistemas%20transaccionales/Iteraciones/Iteración%202/parranderos-jdo/st-parranderos-jdo-est/lib/datanucleus-rdbms-5.1.10.jar.
15:11:00,478 (main) DEBUG [DataNucleus.General] - Leyendo extension-points y extensiones del archivo de plug-in jar:file:/C:/Users/laura/OneDrive%20-%20Universidad%20de%20los%20andes/Semestre%205/Sistemas%20transaccionales/Iteraciones/Iteraci%c3%b3n%202/parranderos-jdo/st-parranderos-jdo-est/lib/datanucleus-rdbms-5.1.10.jar!/plugin.xml.
15:11:00,499 (main) DEBUG [DataNucleus.MetaData] - Analizando el MetaData "file:/C:/Users/laura/OneDrive%20-%20Universidad%20de%20los%20andes/Semestre%205/Sistemas%20transaccionales/Iteraciones/Iteraci%c3%b3n%202/parranderos-jdo/st-parranderos-jdo-est/target/classes/META-INF/persistence.xml" con handler "persistence" (validar="false")
15:11:00,511 (main) DEBUG [DataNucleus.Persistence] - Tipos de Java inicializando ...
15:11:00,552 (main) DEBUG [DataNucleus.Persistence] - Soporte para tipos de Java listo : tipos soportados = [B, [C, [D, [F, [I, [J, [Ljava.lang.Boolean;, [Ljava.lang.Byte;, [Ljava.lang.Character;, [Ljava.lang.Double;, [Ljava.lang.Enum;, [Ljava.lang.Float;, [Ljava.lang.Integer;, [Ljava.lang.Long;, [Ljava.lang.Number;, [Ljava.lang.Object;, [Ljava.lang.Short;, [Ljava.lang.String;, [Ljava.math.BigDecimal;, [Ljava.math.BigInteger;, [Ljava.util.Date;, [Ljava.util.Locale;, [S, [Z, boolean, byte, char, double, float, int, java.awt.Color, java.awt.image.BufferedImage, java.lang.Boolean, java.lang.Byte, java.lang.Character, java.lang.Class, java.lang.Double, java.lang.Enum, java.lang.Float, java.lang.Integer, java.lang.Long, java.lang.Number, java.lang.Short, java.lang.String, java.lang.StringBuffer, java.lang.StringBuilder, java.math.BigDecimal, java.math.BigInteger, java.net.URI, java.net.URL, java.sql.Date, java.sql.Time, java.sql.Timestamp, java.time.Duration, java.time.Instant, java.time.LocalDate, java.time.LocalDateTime, java.time.LocalTime, java.time.MonthDay, java.time.OffsetDateTime, java.time.OffsetTime, java.time.Period, java.time.Year, java.time.YearMonth, java.time.ZonedDateTime, java.time.ZoneId, java.time.ZoneOffset, java.util.ArrayList, java.util.Arrays$ArrayList, java.util.BitSet, java.util.Calendar, java.util.Collection, java.util.Currency, java.util.Date, java.util.GregorianCalendar, java.util.HashMap, java.util.HashSet, java.util.Hashtable, java.util.LinkedHashMap, java.util.LinkedHashSet, java.util.LinkedList, java.util.List, java.util.Locale, java.util.Map, java.util.Optional, java.util.PriorityQueue, java.util.Properties, java.util.Queue, java.util.Set, java.util.SortedMap, java.util.SortedSet, java.util.Stack, java.util.TimeZone, java.util.TreeMap, java.util.TreeSet, java.util.UUID, java.util.Vector, long, short
15:11:00,552 (main) DEBUG [DataNucleus.Persistence] - Inicializando TypeConverters ...
15:11:00,580 (main) DEBUG [DataNucleus.Persistence] - TypeConverters listo
15:11:00,580 (main) DEBUG [DataNucleus.Persistence] - TypeConverter(s) available for byte[] to : java.nio.ByteBuffer
15:11:00,580 (main) DEBUG [DataNucleus.Persistence] - TypeConverter(s) available for char[] to : java.nio.ByteBuffer
15:11:00,580 (main) DEBUG [DataNucleus.Persistence] - TypeConverter(s) available for double[] to : java.nio.ByteBuffer
15:11:00,580 (main) DEBUG [DataNucleus.Persistence] - TypeConverter(s) available for float[] to : java.nio.ByteBuffer
15:11:00,580 (main) DEBUG [DataNucleus.Persistence] - TypeConverter(s) available for int[] to : java.nio.ByteBuffer
15:11:00,580 (main) DEBUG [DataNucleus.Persistence] - TypeConverter(s) available for long[] to : java.nio.ByteBuffer
15:11:00,580 (main) DEBUG [DataNucleus.Persistence] - TypeConverter(s) available for [Ljava.math.BigDecimal; to : java.nio.ByteBuffer
15:11:00,580 (main) DEBUG [DataNucleus.Persistence] - TypeConverter(s) available for [Ljava.math.BigInteger; to : java.nio.ByteBuffer
15:11:00,580 (main) DEBUG [DataNucleus.Persistence] - TypeConverter(s) available for short[] to : java.nio.ByteBuffer
15:11:00,580 (main) DEBUG [DataNucleus.Persistence] - TypeConverter(s) available for boolean[] to : java.nio.ByteBuffer
15:11:00,580 (main) DEBUG [DataNucleus.Persistence] - TypeConverter(s) available for java.awt.Color to : java.lang.String,int[]
15:11:00,580 (main) DEBUG [DataNucleus.Persistence] - TypeConverter(s) available for java.awt.image.BufferedImage to : byte[],java.nio.ByteBuffer
15:11:00,580 (main) DEBUG [DataNucleus.Persistence] - TypeConverter(s) available for java.io.Serializable to : byte[],java.nio.ByteBuffer,java.lang.String
15:11:00,581 (main) DEBUG [DataNucleus.Persistence] - TypeConverter(s) available for java.lang.Boolean to : java.lang.Integer,java.lang.Character
15:11:00,581 (main) DEBUG [DataNucleus.Persistence] - TypeConverter(s) available for java.lang.Character to : java.lang.String
15:11:00,581 (main) DEBUG [DataNucleus.Persistence] - TypeConverter(s) available for java.lang.Class to : java.lang.String
15:11:00,581 (main) DEBUG [DataNucleus.Persistence] - TypeConverter(s) available for java.lang.Integer to : java.lang.String
15:11:00,581 (main) DEBUG [DataNucleus.Persistence] - TypeConverter(s) available for java.lang.Long to : java.lang.String
15:11:00,581 (main) DEBUG [DataNucleus.Persistence] - TypeConverter(s) available for java.lang.StringBuffer to : java.lang.String
15:11:00,581 (main) DEBUG [DataNucleus.Persistence] - TypeConverter(s) available for java.lang.StringBuilder to : java.lang.String
15:11:00,581 (main) DEBUG [DataNucleus.Persistence] - TypeConverter(s) available for java.math.BigDecimal to : java.lang.String,java.lang.Double
15:11:00,581 (main) DEBUG [DataNucleus.Persistence] - TypeConverter(s) available for java.math.BigInteger to : java.lang.Long,java.lang.String
15:11:00,581 (main) DEBUG [DataNucleus.Persistence] - TypeConverter(s) available for java.net.URI to : java.lang.String
15:11:00,581 (main) DEBUG [DataNucleus.Persistence] - TypeConverter(s) available for java.net.URL to : java.lang.String
15:11:00,581 (main) DEBUG [DataNucleus.Persistence] - TypeConverter(s) available for java.sql.Date to : java.util.Date,java.lang.Long,java.lang.String
15:11:00,581 (main) DEBUG [DataNucleus.Persistence] - TypeConverter(s) available for java.sql.Time to : java.util.Date,java.lang.Long,java.lang.String
15:11:00,581 (main) DEBUG [DataNucleus.Persistence] - TypeConverter(s) available for java.sql.Timestamp to : java.util.Date,java.lang.Long,java.lang.String
15:11:00,581 (main) DEBUG [DataNucleus.Persistence] - TypeConverter(s) available for java.time.Duration to : java.lang.Long,java.lang.String,java.lang.Double
15:11:00,581 (main) DEBUG [DataNucleus.Persistence] - TypeConverter(s) available for java.time.Instant to : java.util.Date,java.sql.Timestamp,java.lang.Long,java.lang.String
15:11:00,581 (main) DEBUG [DataNucleus.Persistence] - TypeConverter(s) available for java.time.LocalDate to : java.sql.Date,java.util.Date,java.lang.String
15:11:00,581 (main) DEBUG [DataNucleus.Persistence] - TypeConverter(s) available for java.time.LocalDateTime to : java.util.Date,java.sql.Timestamp,java.lang.String
15:11:00,581 (main) DEBUG [DataNucleus.Persistence] - TypeConverter(s) available for java.time.LocalTime to : java.util.Date,java.lang.Long,java.lang.String,java.sql.Time
15:11:00,581 (main) DEBUG [DataNucleus.Persistence] - TypeConverter(s) available for java.time.MonthDay to : java.sql.Date,java.util.Date,java.lang.String,int[]
15:11:00,581 (main) DEBUG [DataNucleus.Persistence] - TypeConverter(s) available for java.time.OffsetDateTime to : java.util.Date,java.sql.Timestamp,java.lang.String
15:11:00,581 (main) DEBUG [DataNucleus.Persistence] - TypeConverter(s) available for java.time.OffsetTime to : java.lang.Long,java.lang.String,java.sql.Time
15:11:00,582 (main) DEBUG [DataNucleus.Persistence] - TypeConverter(s) available for java.time.Period to : java.lang.String,int[]
15:11:00,582 (main) DEBUG [DataNucleus.Persistence] - TypeConverter(s) available for java.time.Year to : java.lang.Integer,java.lang.String
15:11:00,582 (main) DEBUG [DataNucleus.Persistence] - TypeConverter(s) available for java.time.YearMonth to : java.sql.Date,java.util.Date,java.lang.String,int[]
15:11:00,582 (main) DEBUG [DataNucleus.Persistence] - TypeConverter(s) available for java.time.ZonedDateTime to : java.sql.Timestamp,java.lang.String
15:11:00,582 (main) DEBUG [DataNucleus.Persistence] - TypeConverter(s) available for java.time.ZoneId to : java.lang.String
15:11:00,582 (main) DEBUG [DataNucleus.Persistence] - TypeConverter(s) available for java.time.ZoneOffset to : java.lang.String
15:11:00,582 (main) DEBUG [DataNucleus.Persistence] - TypeConverter(s) available for java.util.BitSet to : java.lang.String
15:11:00,582 (main) DEBUG [DataNucleus.Persistence] - TypeConverter(s) available for java.util.Calendar to : java.util.Date,java.sql.Timestamp,java.lang.String,[Ljava.lang.Object;
15:11:00,582 (main) DEBUG [DataNucleus.Persistence] - TypeConverter(s) available for java.util.Currency to : java.lang.String
15:11:00,582 (main) DEBUG [DataNucleus.Persistence] - TypeConverter(s) available for java.util.Date to : java.lang.Long,java.lang.String
15:11:00,582 (main) DEBUG [DataNucleus.Persistence] - TypeConverter(s) available for java.util.Locale to : java.lang.String
15:11:00,582 (main) DEBUG [DataNucleus.Persistence] - TypeConverter(s) available for java.util.TimeZone to : java.lang.String
15:11:00,582 (main) DEBUG [DataNucleus.Persistence] - TypeConverter(s) available for java.util.UUID to : java.lang.String
15:11:00,582 (main) DEBUG [DataNucleus.MetaData] - MetaDataManager : Input=(XML,Annotations), XML-Validation=false, XML-Suffices=(persistence=*.jdo, orm=orm, query=*.jdoquery) mapping-name=oracle, JDO-listener=false
15:11:00,582 (main) DEBUG [DataNucleus.MetaData] - MetaData Management : Carga de Metadata del persistence-unit "Parranderos" ...
15:11:00,583 (main) DEBUG [DataNucleus.MetaData] - MetaData Management : Carga de Metadata ya ha terminado
15:11:00,585 (main) DEBUG [DataNucleus.Datastore] - Creating StoreManager for datastore
15:11:00,720 (main) DEBUG [DataNucleus.Connection] - Creado ConnectionPool "tx" con data source de tipo dbcp2-builtin
15:11:00,720 (main) DEBUG [DataNucleus.Connection] - Registrado la factoria de connecciones transaccionales bajo el nombre "rdbms/tx"
15:11:00,720 (main) DEBUG [DataNucleus.Connection] - Registrado la factoria de connecciones nontransaccionales bajo el nombre "rdbms/nontx"
15:11:00,727 (main) DEBUG [DataNucleus.Connection] - Creado ConnectionPool "nontx" con data source de tipo dbcp2-builtin
15:11:01,627 (main) DEBUG [DataNucleus.Connection] - ManagedConnection ABIERTO : "org.datanucleus.store.rdbms.ConnectionFactoryImpl$ManagedConnectionImpl@784c3487 [conn=null, commitOnRelease=true, closeOnRelease=true, closeOnTxnEnd=true]" en resource "nontx"
15:11:01,956 (main) DEBUG [DataNucleus.Datastore] - No Soportando el tipo RDBMS de Java java.lang.Boolean, jdbc-type=BOOLEAN
15:11:01,956 (main) DEBUG [DataNucleus.Datastore] - Soporte de RDBMS configurado para el tipo "[B" con jdbc-types=[BLOB, VARBINARY, LONGVARBINARY], sql-types=[BLOB, VARBINARY, LONGVARBINARY] y defecto (jdbc-type=BLOB, sql-type=BLOB)
15:11:01,956 (main) DEBUG [DataNucleus.Datastore] - Soporte de RDBMS configurado para el tipo "java.io.File" con jdbc-types=[LONGVARBINARY], sql-types=[LONGVARBINARY] y defecto (jdbc-type=LONGVARBINARY, sql-type=LONGVARBINARY)
15:11:01,957 (main) DEBUG [DataNucleus.Datastore] - Soporte de RDBMS configurado para el tipo "java.io.Serializable" con jdbc-types=[BLOB, VARBINARY, LONGVARBINARY], sql-types=[BLOB, VARBINARY, LONGVARBINARY] y defecto (jdbc-type=BLOB, sql-type=BLOB)
15:11:01,957 (main) DEBUG [DataNucleus.Datastore] - Soporte de RDBMS configurado para el tipo "java.lang.Boolean" con jdbc-types=[NUMERIC, SMALLINT, CHAR, BIT, TINYINT], sql-types=[NUMERIC, SMALLINT, CHAR, BIT, TINYINT] y defecto (jdbc-type=NUMERIC, sql-type=NUMERIC)
15:11:01,957 (main) DEBUG [DataNucleus.Datastore] - Soporte de RDBMS configurado para el tipo "java.lang.Byte" con jdbc-types=[NUMERIC, SMALLINT, TINYINT], sql-types=[NUMERIC, SMALLINT, TINYINT] y defecto (jdbc-type=NUMERIC, sql-type=NUMERIC)
15:11:01,957 (main) DEBUG [DataNucleus.Datastore] - Soporte de RDBMS configurado para el tipo "java.lang.Character" con jdbc-types=[NUMERIC, CHAR, INTEGER], sql-types=[NUMERIC, CHAR, INTEGER] y defecto (jdbc-type=CHAR, sql-type=CHAR)
15:11:01,957 (main) DEBUG [DataNucleus.Datastore] - Soporte de RDBMS configurado para el tipo "java.lang.Double" con jdbc-types=[FLOAT, NUMERIC, DECIMAL, DOUBLE], sql-types=[FLOAT, NUMBER, DECIMAL, DOUBLE] y defecto (jdbc-type=FLOAT, sql-type=FLOAT)
15:11:01,957 (main) DEBUG [DataNucleus.Datastore] - Soporte de RDBMS configurado para el tipo "java.lang.Float" con jdbc-types=[FLOAT, NUMERIC, REAL, DECIMAL, DOUBLE], sql-types=[FLOAT, NUMBER, REAL, DECIMAL, DOUBLE] y defecto (jdbc-type=FLOAT, sql-type=FLOAT)
15:11:01,957 (main) DEBUG [DataNucleus.Datastore] - Soporte de RDBMS configurado para el tipo "java.lang.Integer" con jdbc-types=[NUMERIC, SMALLINT, BIGINT, TINYINT, INTEGER], sql-types=[NUMERIC, NUMBER, SMALLINT, BIGINT, TINYINT, INTEGER] y defecto (jdbc-type=NUMERIC, sql-type=NUMERIC)
15:11:01,957 (main) DEBUG [DataNucleus.Datastore] - Soporte de RDBMS configurado para el tipo "java.lang.Long" con jdbc-types=[NUMERIC, SMALLINT, BIGINT, TINYINT, INTEGER], sql-types=[NUMERIC, NUMBER, SMALLINT, BIGINT, INT, TINYINT] y defecto (jdbc-type=NUMERIC, sql-type=NUMERIC)
15:11:01,957 (main) DEBUG [DataNucleus.Datastore] - Soporte de RDBMS configurado para el tipo "java.lang.Short" con jdbc-types=[NUMERIC, SMALLINT, TINYINT, INTEGER], sql-types=[NUMERIC, NUMBER, SMALLINT, TINYINT, INTEGER] y defecto (jdbc-type=NUMERIC, sql-type=NUMERIC)
15:11:01,957 (main) DEBUG [DataNucleus.Datastore] - Soporte de RDBMS configurado para el tipo "java.lang.String" con jdbc-types=[XMLTYPE, BLOB, LONGVARCHAR, CLOB, VARCHAR, CHAR, BIGINT, NVARCHAR, NCHAR], sql-types=[NVARCHAR2, XMLTYPE, BLOB, LONGVARCHAR, CLOB, VARCHAR, CHAR, BIGINT, NVARCHAR, NCHAR] y defecto (jdbc-type=VARCHAR, sql-type=VARCHAR)
15:11:01,957 (main) DEBUG [DataNucleus.Datastore] - Soporte de RDBMS configurado para el tipo "java.math.BigDecimal" con jdbc-types=[NUMERIC, DECIMAL], sql-types=[NUMERIC, NUMBER, DECIMAL] y defecto (jdbc-type=NUMERIC, sql-type=NUMERIC)
15:11:01,957 (main) DEBUG [DataNucleus.Datastore] - Soporte de RDBMS configurado para el tipo "java.math.BigInteger" con jdbc-types=[NUMERIC], sql-types=[NUMERIC, NUMBER] y defecto (jdbc-type=NUMERIC, sql-type=NUMERIC)
15:11:01,957 (main) DEBUG [DataNucleus.Datastore] - Soporte de RDBMS configurado para el tipo "java.sql.Date" con jdbc-types=[DATE, TIMESTAMP, VARCHAR, CHAR, BIGINT], sql-types=[DATE, TIMESTAMP, VARCHAR, CHAR, BIGINT] y defecto (jdbc-type=DATE, sql-type=DATE)
15:11:01,957 (main) DEBUG [DataNucleus.Datastore] - Soporte de RDBMS configurado para el tipo "java.sql.Time" con jdbc-types=[TIMESTAMP, VARCHAR, CHAR, TIME, BIGINT], sql-types=[TIMESTAMP, VARCHAR, CHAR, TIME, BIGINT] y defecto (jdbc-type=TIME, sql-type=TIME)
15:11:01,957 (main) DEBUG [DataNucleus.Datastore] - Soporte de RDBMS configurado para el tipo "java.sql.Timestamp" con jdbc-types=[DATE, TIMESTAMP, VARCHAR, CHAR, TIME], sql-types=[DATE, TIMESTAMP, VARCHAR, CHAR, TIME] y defecto (jdbc-type=TIMESTAMP, sql-type=TIMESTAMP)
15:11:01,957 (main) DEBUG [DataNucleus.Datastore] - Soporte de RDBMS configurado para el tipo "java.util.Date" con jdbc-types=[DATE, TIMESTAMP, VARCHAR, CHAR, TIME, BIGINT], sql-types=[DATE, TIMESTAMP, VARCHAR, CHAR, TIME, BIGINT] y defecto (jdbc-type=TIMESTAMP, sql-type=TIMESTAMP)
15:11:01,957 (main) DEBUG [DataNucleus.Datastore] - Soporte de RDBMS configurado para el tipo "org.datanucleus.identity.DatastoreId" con jdbc-types=[NUMERIC, VARCHAR, CHAR, BIGINT, INTEGER], sql-types=[NUMERIC, VARCHAR, CHAR, BIGINT, INTEGER] y defecto (jdbc-type=NUMERIC, sql-type=NUMERIC)
15:11:01,977 (main) DEBUG [DataNucleus.Datastore] - ======================= Datastore =========================
15:11:01,977 (main) DEBUG [DataNucleus.Datastore] - StoreManager : "rdbms" (org.datanucleus.store.rdbms.RDBMSStoreManager)
15:11:01,977 (main) DEBUG [DataNucleus.Datastore] - Datastore : read-write
15:11:01,977 (main) DEBUG [DataNucleus.Datastore] - Schema Control : AutoCreate(None), Validate(None)
15:11:01,977 (main) DEBUG [DataNucleus.Datastore] - Schema : NamingFactory=datanucleus2 identifierCase=null
15:11:01,977 (main) DEBUG [DataNucleus.Datastore] - Query Languages : JDOQL, JPQL, STOREDPROC, SQL
15:11:01,977 (main) DEBUG [DataNucleus.Datastore] - Queries : Timeout=0
15:11:01,977 (main) DEBUG [DataNucleus.Datastore] - ===========================================================
15:11:01,978 (main) DEBUG [DataNucleus.Datastore] - Datastore Adapter : org.datanucleus.store.rdbms.adapter.OracleAdapter
15:11:01,978 (main) DEBUG [DataNucleus.Datastore] - Datastore : name="Oracle" version="Oracle Database 19c Enterprise Edition Release 19.0.0.0.0 - Production"
15:11:01,978 (main) DEBUG [DataNucleus.Datastore] - Datastore Driver : name="Oracle JDBC driver" version="12.2.0.1.0"
15:11:01,978 (main) DEBUG [DataNucleus.Datastore] - Primary Connection Factory : URL[jdbc:oracle:thin:@fn4.oracle.virtual.uniandes.edu.co:1521/prod]
15:11:01,978 (main) DEBUG [DataNucleus.Datastore] - Secondary Connection Factory : URL[jdbc:oracle:thin:@fn4.oracle.virtual.uniandes.edu.co:1521/prod]
15:11:01,978 (main) DEBUG [DataNucleus.Datastore] - Datastore Identifiers : factory="datanucleus2" case=UPPERCASE schema=ISIS2304A15202120
15:11:01,978 (main) DEBUG [DataNucleus.Datastore] - Supported Identifier Cases : "MixedCase" UPPERCASE "MixedCase-Sensitive" 
15:11:01,979 (main) DEBUG [DataNucleus.Datastore] - Supported Identifier Lengths (max) : Table=128 Column=128 Constraint=128 Index=128 Delimiter="
15:11:01,979 (main) DEBUG [DataNucleus.Datastore] - Support for Identifiers in DDL : catalog=false schema=true
15:11:01,979 (main) DEBUG [DataNucleus.Datastore] - Datastore : checkTableViewExistence, rdbmsConstraintCreateMode=DataNucleus, initialiseColumnInfo=ALL
15:11:01,979 (main) DEBUG [DataNucleus.Datastore] - Support Statement Batching : yes (max-batch-size=50)
15:11:01,979 (main) DEBUG [DataNucleus.Datastore] - Queries : Results direction=forward, type=forward-only, concurrency=read-only
15:11:01,979 (main) DEBUG [DataNucleus.Datastore] - Java-Types : string-default-length=255
15:11:01,979 (main) DEBUG [DataNucleus.Datastore] - JDBC-Types : NCLOB, NCHAR, [id=2007], REF, CLOB, BLOB, ARRAY, STRUCT, DATE, TIME, TIMESTAMP, VARCHAR, LONGVARCHAR, VARBINARY, LONGVARBINARY, BIGINT, TINYINT, BIT, NVARCHAR, [id=-101], CHAR, [id=-103], NUMERIC, [id=-102], DECIMAL, INTEGER, SMALLINT, FLOAT, REAL, DOUBLE, [id=-104]
15:11:01,979 (main) DEBUG [DataNucleus.Datastore] - ===========================================================
15:11:01,979 (main) DEBUG [DataNucleus.Connection] - ManagedConnection CERRADO : "org.datanucleus.store.rdbms.ConnectionFactoryImpl$ManagedConnectionImpl@784c3487 [conn=org.datanucleus.store.rdbms.datasource.dbcp2.PoolingDataSource$PoolGuardConnectionWrapper@9573b3b, commitOnRelease=true, closeOnRelease=true, closeOnTxnEnd=true]" 
15:11:01,980 (main) DEBUG [DataNucleus.Datastore] - StoreManager now created
15:11:01,983 (main) DEBUG [DataNucleus.Persistence] - Started pool of ExecutionContext (maxPool=20, reaperThread=false)
15:11:01,988 (main) DEBUG [DataNucleus.Persistence] - ================= NucleusContext ===============
15:11:01,988 (main) DEBUG [DataNucleus.Persistence] - DataNucleus Context : Versión: "5.1.10" con JRE "12.0.1" en "Windows 10"
15:11:01,988 (main) DEBUG [DataNucleus.Persistence] - Persistence API : JDO
15:11:01,988 (main) DEBUG [DataNucleus.Persistence] - Persistence-Unit : Parranderos
15:11:01,988 (main) DEBUG [DataNucleus.Persistence] - Plugin Registry : org.datanucleus.plugin.NonManagedPluginRegistry
15:11:01,988 (main) DEBUG [DataNucleus.Persistence] - ClassLoading : default
15:11:01,989 (main) DEBUG [DataNucleus.Persistence] - Persistence : pm-singlethreaded, nontransactional-read, nontransactional-write, reachability-at-commit, copy-on-attach, managed-relations(checked), deletion-policy=JDO2, serverTimeZone=America/Bogota
15:11:01,989 (main) DEBUG [DataNucleus.Persistence] - Transactions : type=RESOURCE_LOCAL, mode=datastore, isolation=read-committed
15:11:01,989 (main) DEBUG [DataNucleus.Persistence] - ValueGeneration : txn-isolation=read-committed connection=New
15:11:01,989 (main) DEBUG [DataNucleus.Persistence] - Cache : Level1 (soft), Level2 (soft, mode=UNSPECIFIED), QueryResults (soft), Collections/Maps 
15:11:01,989 (main) DEBUG [DataNucleus.Persistence] - ================================================
